<?xml version="1.0" encoding="UTF-8"?>
<!-- Generated by org.testng.reporters.JUnitXMLReporter -->
<testsuite hostname="pc205592" ignored="2" name="Add Location on Google Maps" tests="2" failures="0" timestamp="09 Apr 2018 14:46:45 GMT" time="8.162" errors="0">
  <testcase name="addLocationOnMap" time="4.97" classname="api.GoogleMapsAddLocationAPI"/>
  <testcase name="deleteLocationFromMap" time="3.165" classname="api.GoogleMapsDeleteLocationAPI"/>
  <testcase name="@BeforeSuite defaultSetup" time="0.0" classname="common.Setup">
    <ignored/>
  </testcase> <!-- @BeforeSuite defaultSetup -->
  <testcase name="@BeforeTest setupEndPoint" time="0.0" classname="common.Setup">
    <ignored/>
  </testcase> <!-- @BeforeTest setupEndPoint -->
</testsuite> <!-- Add Location on Google Maps -->
