<?xml version="1.0" encoding="UTF-8"?>
<testng-results skipped="0" failed="0" ignored="2" total="4" passed="2">
  <reporter-output>
  </reporter-output>
  <suite name="API Automation Suite" duration-ms="8162" started-at="2018-04-09T14:46:37Z" finished-at="2018-04-09T14:46:45Z">
    <groups>
    </groups>
    <test name="Add Location on Google Maps" duration-ms="8162" started-at="2018-04-09T14:46:37Z" finished-at="2018-04-09T14:46:45Z">
      <class name="api.GoogleMapsAddLocationAPI">
        <test-method status="PASS" signature="defaultSetup()[pri:0, instance:api.GoogleMapsAddLocationAPI@ebc39e]" name="defaultSetup" is-config="true" duration-ms="1021" started-at="2018-04-09T14:46:36Z" finished-at="2018-04-09T14:46:37Z">
          <reporter-output>
          </reporter-output>
        </test-method> <!-- defaultSetup -->
        <test-method status="PASS" signature="setupEndPoint()[pri:0, instance:api.GoogleMapsAddLocationAPI@ebc39e]" name="setupEndPoint" is-config="true" duration-ms="0" started-at="2018-04-09T14:46:37Z" finished-at="2018-04-09T14:46:37Z">
          <reporter-output>
          </reporter-output>
        </test-method> <!-- setupEndPoint -->
        <test-method status="PASS" signature="addLocationOnMap()[pri:1, instance:api.GoogleMapsAddLocationAPI@ebc39e]" name="addLocationOnMap" duration-ms="4970" started-at="2018-04-09T14:46:37Z" finished-at="2018-04-09T14:46:42Z">
          <reporter-output>
          </reporter-output>
        </test-method> <!-- addLocationOnMap -->
      </class> <!-- api.GoogleMapsAddLocationAPI -->
      <class name="api.GoogleMapsDeleteLocationAPI">
        <test-method status="PASS" signature="deleteLocationFromMap()[pri:2, instance:api.GoogleMapsDeleteLocationAPI@4bee09]" name="deleteLocationFromMap" duration-ms="3165" started-at="2018-04-09T14:46:42Z" finished-at="2018-04-09T14:46:45Z">
          <reporter-output>
          </reporter-output>
        </test-method> <!-- deleteLocationFromMap -->
      </class> <!-- api.GoogleMapsDeleteLocationAPI -->
    </test> <!-- Add Location on Google Maps -->
  </suite> <!-- API Automation Suite -->
</testng-results>
